# JRE version: Java(TM) SE Runtime Environment 18.9 (11.0.16.1+1) (build 11.0.16.1+1-LTS-1)
# Java VM: Java HotSpot(TM) 64-Bit Server VM 18.9 (11.0.16.1+1-LTS-1, mixed mode, tiered, compressed oops, g1 gc, windows-amd64)
Heap:
 garbage-first heap   total 129024K, used 76105K [0x0000000083200000, 0x0000000100000000)
  region size 1024K, 60 young (61440K), 8 survivors (8192K)
 Metaspace       used 51725K, capacity 53408K, committed 53760K, reserved 1095680K
  class space    used 6616K, capacity 7297K, committed 7424K, reserved 1048576K
GC Heap History (10 events):
Event: 9.108 GC heap before
{Heap before GC invocations=4 (full 0):
 garbage-first heap   total 129024K, used 68849K [0x0000000083200000, 0x0000000100000000)
  region size 1024K, 60 young (61440K), 2 survivors (2048K)
 Metaspace       used 25183K, capacity 26078K, committed 26240K, reserved 1073152K
  class space    used 3040K, capacity 3389K, committed 3456K, reserved 1048576K
}
Event: 9.124 GC heap after
{Heap after GC invocations=5 (full 0):
 garbage-first heap   total 129024K, used 11748K [0x0000000083200000, 0x0000000100000000)
  region size 1024K, 5 young (5120K), 5 survivors (5120K)
 Metaspace       used 25183K, capacity 26078K, committed 26240K, reserved 1073152K
  class space    used 3040K, capacity 3389K, committed 3456K, reserved 1048576K
}
Event: 11.623 GC heap before
{Heap before GC invocations=5 (full 0):
 garbage-first heap   total 129024K, used 78308K [0x0000000083200000, 0x0000000100000000)
  region size 1024K, 70 young (71680K), 5 survivors (5120K)
 Metaspace       used 32118K, capacity 33325K, committed 33536K, reserved 1079296K
  class space    used 3990K, capacity 4504K, committed 4608K, reserved 1048576K
}
Event: 11.652 GC heap after
{Heap after GC invocations=6 (full 0):
 garbage-first heap   total 129024K, used 14713K [0x0000000083200000, 0x0000000100000000)
  region size 1024K, 7 young (7168K), 7 survivors (7168K)
 Metaspace       used 32118K, capacity 33325K, committed 33536K, reserved 1079296K
  class space    used 3990K, capacity 4504K, committed 4608K, reserved 1048576K
}
Event: 12.571 GC heap before
{Heap before GC invocations=6 (full 0):
 garbage-first heap   total 129024K, used 42361K [0x0000000083200000, 0x0000000100000000)
  region size 1024K, 35 young (35840K), 7 survivors (7168K)
 Metaspace       used 34538K, capacity 35797K, committed 35840K, reserved 1081344K
  class space    used 4291K, capacity 4821K, committed 4864K, reserved 1048576K
}
Event: 12.591 GC heap after
{Heap after GC invocations=7 (full 0):
 garbage-first heap   total 129024K, used 16584K [0x0000000083200000, 0x0000000100000000)
  region size 1024K, 6 young (6144K), 6 survivors (6144K)
 Metaspace       used 34538K, capacity 35797K, committed 35840K, reserved 1081344K
  class space    used 4291K, capacity 4821K, committed 4864K, reserved 1048576K
}
Event: 15.240 GC heap before
{Heap before GC invocations=8 (full 0):
 garbage-first heap   total 129024K, used 74952K [0x0000000083200000, 0x0000000100000000)
  region size 1024K, 63 young (64512K), 6 survivors (6144K)
 Metaspace       used 45269K, capacity 46685K, committed 46848K, reserved 1089536K
  class space    used 5752K, capacity 6339K, committed 6400K, reserved 1048576K
}
Event: 15.258 GC heap after
{Heap after GC invocations=9 (full 0):
 garbage-first heap   total 129024K, used 20396K [0x0000000083200000, 0x0000000100000000)
  region size 1024K, 6 young (6144K), 6 survivors (6144K)
 Metaspace       used 45269K, capacity 46685K, committed 46848K, reserved 1089536K
  class space    used 5752K, capacity 6339K, committed 6400K, reserved 1048576K
}
Event: 1780.691 GC heap before
{Heap before GC invocations=9 (full 0):
 garbage-first heap   total 129024K, used 80812K [0x0000000083200000, 0x0000000100000000)
  region size 1024K, 65 young (66560K), 6 survivors (6144K)
 Metaspace       used 51620K, capacity 53198K, committed 53376K, reserved 1095680K
  class space    used 6600K, capacity 7253K, committed 7296K, reserved 1048576K
}
Event: 1780.705 GC heap after
{Heap after GC invocations=10 (full 0):
 garbage-first heap   total 129024K, used 23881K [0x0000000083200000, 0x0000000100000000)
  region size 1024K, 8 young (8192K), 8 survivors (8192K)
 Metaspace       used 51620K, capacity 53198K, committed 53376K, reserved 1095680K
  class space    used 6600K, capacity 7253K, committed 7296K, reserved 1048576K
}

